<?xml version="1.0" encoding="UTF-8"?>
<!-- Generated by org.testng.reporters.JUnitXMLReporter -->
<testsuite ignored="0" hostname="Thu-Trang" failures="0" tests="3" name="Default test" time="31.412" errors="0" timestamp="2025-05-05T11:01:27 GMT+07:00">
  <testcase classname="tests.LoginTest" name="testValidLogin" time="1.639"/>
  <testcase classname="tests.LoginTest" name="testLoginWrongPassword" time="2.077"/>
  <testcase classname="tests.LoginTest" name="testLoginInvalidEmailFormat" time="2.04"/>
</testsuite> <!-- Default test -->
