<?xml version="1.0" encoding="UTF-8"?>
<testng-results ignored="0" total="1" passed="0" failed="1" skipped="0">
  <reporter-output>
  </reporter-output>
  <suite started-at="2025-05-08T22:56:18 GMT+07:00" name="Default suite" finished-at="2025-05-08T22:56:20 GMT+07:00" duration-ms="1795">
    <groups>
    </groups>
    <test started-at="2025-05-08T22:56:18 GMT+07:00" name="Default test" finished-at="2025-05-08T22:56:20 GMT+07:00" duration-ms="1795">
      <class name="tests.LoginTest">
        <test-method is-config="true" signature="setup()[pri:0, instance:tests.LoginTest@4116aac9]" started-at="2025-05-08T22:56:18 GMT+07:00" name="setup" finished-at="2025-05-08T22:56:19 GMT+07:00" duration-ms="1100" status="PASS">
          <reporter-output>
          </reporter-output>
        </test-method> <!-- setup -->
        <test-method signature="testLoginDataDriven(java.lang.String,java.lang.String,java.lang.String)[pri:0, instance:tests.LoginTest@4116aac9]" started-at="2025-05-08T22:56:19 GMT+07:00" name="testLoginDataDriven" data-provider="loginData" finished-at="2025-05-08T22:56:19 GMT+07:00" duration-ms="543" status="FAIL">
          <exception class="org.testng.internal.reflect.MethodMatcherException">
            <message>
              <![CDATA[
[public void tests.LoginTest.testLoginDataDriven(java.lang.String,java.lang.String,java.lang.String)] has no parameters defined but was found to be using a data provider (either explicitly specified or inherited from class level annotation).
Data provider mismatch
Method: testLoginDataDriven([java.lang.String arg0, java.lang.String arg1, java.lang.String arg2])
Arguments: [(java.lang.String) ThuTrang1182004@gmail.com,(java.lang.String) abcdef]]]>
            </message>
            <full-stacktrace>
              <![CDATA[org.testng.internal.reflect.MethodMatcherException: 
[public void tests.LoginTest.testLoginDataDriven(java.lang.String,java.lang.String,java.lang.String)] has no parameters defined but was found to be using a data provider (either explicitly specified or inherited from class level annotation).
Data provider mismatch
Method: testLoginDataDriven([java.lang.String arg0, java.lang.String arg1, java.lang.String arg2])
Arguments: [(java.lang.String) ThuTrang1182004@gmail.com,(java.lang.String) abcdef]
at org.testng.internal.reflect.DataProviderMethodMatcher.getConformingArguments(DataProviderMethodMatcher.java:46)
at org.testng.internal.Parameters.injectParameters(Parameters.java:909)
at org.testng.internal.invokers.MethodRunner.runInSequence(MethodRunner.java:37)
at org.testng.internal.invokers.TestInvoker$MethodInvocationAgent.invoke(TestInvoker.java:957)
at org.testng.internal.invokers.TestInvoker.invokeTestMethods(TestInvoker.java:200)
at org.testng.internal.invokers.TestMethodWorker.invokeTestMethods(TestMethodWorker.java:148)
at org.testng.internal.invokers.TestMethodWorker.run(TestMethodWorker.java:128)
at java.base/java.util.ArrayList.forEach(ArrayList.java:1597)
at org.testng.TestRunner.privateRun(TestRunner.java:848)
at org.testng.TestRunner.run(TestRunner.java:621)
at org.testng.SuiteRunner.runTest(SuiteRunner.java:443)
at org.testng.SuiteRunner.runSequentially(SuiteRunner.java:437)
at org.testng.SuiteRunner.privateRun(SuiteRunner.java:397)
at org.testng.SuiteRunner.run(SuiteRunner.java:336)
at org.testng.SuiteRunnerWorker.runSuite(SuiteRunnerWorker.java:52)
at org.testng.SuiteRunnerWorker.run(SuiteRunnerWorker.java:95)
at org.testng.TestNG.runSuitesSequentially(TestNG.java:1280)
at org.testng.TestNG.runSuitesLocally(TestNG.java:1200)
at org.testng.TestNG.runSuites(TestNG.java:1114)
at org.testng.TestNG.run(TestNG.java:1082)
at org.testng.remote.AbstractRemoteTestNG.run(AbstractRemoteTestNG.java:115)
at org.testng.remote.RemoteTestNG.initAndRun(RemoteTestNG.java:293)
at org.testng.remote.RemoteTestNG.main(RemoteTestNG.java:91)
]]>
            </full-stacktrace>
          </exception> <!-- org.testng.internal.reflect.MethodMatcherException -->
          <reporter-output>
          </reporter-output>
        </test-method> <!-- testLoginDataDriven -->
        <test-method is-config="true" signature="teardown()[pri:0, instance:tests.LoginTest@4116aac9]" started-at="2025-05-08T22:56:19 GMT+07:00" name="teardown" finished-at="2025-05-08T22:56:20 GMT+07:00" duration-ms="128" status="PASS">
          <reporter-output>
          </reporter-output>
        </test-method> <!-- teardown -->
      </class> <!-- tests.LoginTest -->
    </test> <!-- Default test -->
  </suite> <!-- Default suite -->
</testng-results>
