<?xml version="1.0" encoding="UTF-8"?>
<testng-results ignored="0" total="3" passed="3" failed="0" skipped="0">
  <reporter-output>
  </reporter-output>
  <suite started-at="2025-05-05T11:00:55 GMT+07:00" name="Default suite" finished-at="2025-05-05T11:01:27 GMT+07:00" duration-ms="31412">
    <groups>
    </groups>
    <test started-at="2025-05-05T11:00:55 GMT+07:00" name="Default test" finished-at="2025-05-05T11:01:27 GMT+07:00" duration-ms="31412">
      <class name="tests.LoginTest">
        <test-method is-config="true" signature="setUpTest()[pri:0, instance:tests.LoginTest@70325e14]" started-at="2025-05-05T11:00:55 GMT+07:00" name="setUpTest" finished-at="2025-05-05T11:01:04 GMT+07:00" duration-ms="8582" status="PASS">
          <reporter-output>
          </reporter-output>
        </test-method> <!-- setUpTest -->
        <test-method signature="testValidLogin()[pri:1, instance:tests.LoginTest@70325e14]" started-at="2025-05-05T11:01:04 GMT+07:00" name="testValidLogin" finished-at="2025-05-05T11:01:06 GMT+07:00" duration-ms="1639" status="PASS">
          <reporter-output>
          </reporter-output>
        </test-method> <!-- testValidLogin -->
        <test-method is-config="true" signature="tearDownTest()[pri:0, instance:tests.LoginTest@70325e14]" started-at="2025-05-05T11:01:06 GMT+07:00" name="tearDownTest" finished-at="2025-05-05T11:01:06 GMT+07:00" duration-ms="194" status="PASS">
          <reporter-output>
          </reporter-output>
        </test-method> <!-- tearDownTest -->
        <test-method is-config="true" signature="setUpTest()[pri:0, instance:tests.LoginTest@70325e14]" started-at="2025-05-05T11:01:06 GMT+07:00" name="setUpTest" finished-at="2025-05-05T11:01:12 GMT+07:00" duration-ms="5818" status="PASS">
          <reporter-output>
          </reporter-output>
        </test-method> <!-- setUpTest -->
        <test-method signature="testLoginWrongPassword()[pri:2, instance:tests.LoginTest@70325e14]" started-at="2025-05-05T11:01:12 GMT+07:00" name="testLoginWrongPassword" finished-at="2025-05-05T11:01:14 GMT+07:00" duration-ms="2077" status="PASS">
          <reporter-output>
          </reporter-output>
        </test-method> <!-- testLoginWrongPassword -->
        <test-method is-config="true" signature="tearDownTest()[pri:0, instance:tests.LoginTest@70325e14]" started-at="2025-05-05T11:01:14 GMT+07:00" name="tearDownTest" finished-at="2025-05-05T11:01:14 GMT+07:00" duration-ms="135" status="PASS">
          <reporter-output>
          </reporter-output>
        </test-method> <!-- tearDownTest -->
        <test-method is-config="true" signature="setUpTest()[pri:0, instance:tests.LoginTest@70325e14]" started-at="2025-05-05T11:01:14 GMT+07:00" name="setUpTest" finished-at="2025-05-05T11:01:23 GMT+07:00" duration-ms="8926" status="PASS">
          <reporter-output>
          </reporter-output>
        </test-method> <!-- setUpTest -->
        <test-method signature="testLoginInvalidEmailFormat()[pri:3, instance:tests.LoginTest@70325e14]" started-at="2025-05-05T11:01:23 GMT+07:00" name="testLoginInvalidEmailFormat" finished-at="2025-05-05T11:01:25 GMT+07:00" duration-ms="2040" status="PASS">
          <reporter-output>
          </reporter-output>
        </test-method> <!-- testLoginInvalidEmailFormat -->
        <test-method is-config="true" signature="tearDownTest()[pri:0, instance:tests.LoginTest@70325e14]" started-at="2025-05-05T11:01:25 GMT+07:00" name="tearDownTest" finished-at="2025-05-05T11:01:27 GMT+07:00" duration-ms="1962" status="PASS">
          <reporter-output>
          </reporter-output>
        </test-method> <!-- tearDownTest -->
      </class> <!-- tests.LoginTest -->
    </test> <!-- Default test -->
  </suite> <!-- Default suite -->
</testng-results>
